#
# There is insufficient memory for the Java Runtime Environment to continue.
# Native memory allocation (mmap) failed to map 264241152 bytes for Failed to commit area from 0x0000000704400000 to 0x0000000714000000 of length 264241152.
# Possible reasons:
#   The system is out of physical RAM or swap space
#   The process is running with CompressedOops enabled, and the Java Heap may be blocking the growth of the native heap
# Possible solutions:
#   Reduce memory load on the system
#   Increase physical memory or swap space
#   Check if swap backing store is full
#   Decrease Java heap size (-Xmx/-Xms)
#   Decrease number of Java threads
#   Decrease Java thread stack sizes (-Xss)
#   Set larger code cache with -XX:ReservedCodeCacheSize=
# This output file may be truncated or incomplete.
#
#  Out of Memory Error (./src/hotspot/os/windows/os_windows.cpp:3387), pid=12236, tid=20388
#
# JRE version:  (11.0.14.1+1) (build )
# Java VM: OpenJDK 64-Bit Server VM (11.0.14.1+1, mixed mode, sharing, tiered, compressed oops, g1 gc, windows-amd64)
# No core dump will be written. Minidumps are not enabled by default on client versions of Windows
#

---------------  S U M M A R Y ------------

Command Line: 

Host: 11th Gen Intel(R) Core(TM) i5-11400H @ 2.70GHz, 12 cores, 15G,  Windows 11 , 64 bit Build 22621 (10.0.22621.4830)
Time: Thu Feb 13 14:03:39 2025 Russia TZ 6 Standard Time elapsed time: 0.010920 seconds (0d 0h 0m 0s)

---------------  T H R E A D  ---------------

Current thread (0x000001d491a7f000):  JavaThread "Unknown thread" [_thread_in_vm, id=20388, stack(0x0000008dfb000000,0x0000008dfb100000)]

Stack: [0x0000008dfb000000,0x0000008dfb100000]
Native frames: (J=compiled Java code, j=interpreted, Vv=VM code, C=native code)
V  [jvm.dll+0x61e59a]
V  [jvm.dll+0x7aaca9]
V  [jvm.dll+0x7ac398]
V  [jvm.dll+0x7aca73]
V  [jvm.dll+0x24f9b8]
V  [jvm.dll+0x61b83a]
V  [jvm.dll+0x6100c5]
V  [jvm.dll+0x30772c]
V  [jvm.dll+0x3075b2]
V  [jvm.dll+0x30c2d6]
V  [jvm.dll+0x35272f]
V  [jvm.dll+0x352160]
V  [jvm.dll+0x2e4728]
V  [jvm.dll+0x2e5886]
V  [jvm.dll+0x784b07]
V  [jvm.dll+0x78628f]
V  [jvm.dll+0x35f479]
V  [jvm.dll+0x767aa0]
V  [jvm.dll+0x3ccf1f]
V  [jvm.dll+0x3cf2b1]
C  [jli.dll+0x5207]
C  [ucrtbase.dll+0x29333]
C  [KERNEL32.DLL+0x1259d]
C  [ntdll.dll+0x5af38]


---------------  P R O C E S S  ---------------

Threads class SMR info:
_java_thread_list=0x000001d48f707370, length=0, elements={
}

Java Threads: ( => current thread )

Other Threads:
  0x000001d491a98000 GCTaskThread "GC Thread#0" [stack: 0x0000008dfb100000,0x0000008dfb200000] [id=20396]
  0x000001d491af4000 ConcurrentGCThread "G1 Main Marker" [stack: 0x0000008dfb200000,0x0000008dfb300000] [id=18028]
  0x000001d491af8800 ConcurrentGCThread "G1 Conc#0" [stack: 0x0000008dfb300000,0x0000008dfb400000] [id=20404]

[error occurred during error reporting (printing all threads), id 0xc0000005, EXCEPTION_ACCESS_VIOLATION (0xc0000005) at pc=0x00007ffb04ca3ef7]

VM state:not at safepoint (not fully initialized)

VM Mutex/Monitor currently owned by a thread:  ([mutex/lock_event])
[0x000001d491a7b0a0] Heap_lock - owner thread: 0x000001d491a7f000

Heap address: 0x0000000704400000, size: 4028 MB, Compressed Oops mode: Non-zero based: 0x0000000704400000
Narrow klass base: 0x0000000000000000, Narrow klass shift: 0

GC Heap History (0 events):
No events

Deoptimization events (0 events):
No events

Classes redefined (0 events):
No events

Internal exceptions (0 events):
No events

Events (1 events):
Event: 0.007 Loaded shared library C:\Program Files\Unity\Hub\Editor\2022.3.32f1\Editor\Data\PlaybackEngines\AndroidPlayer\OpenJDK\bin\zip.dll


Dynamic libraries:
0x00007ff665ff0000 - 0x00007ff665ffd000 	C:\Program Files\Unity\Hub\Editor\2022.3.32f1\Editor\Data\PlaybackEngines\AndroidPlayer\OpenJDK\bin\java.exe
0x00007ffbb33f0000 - 0x00007ffbb3607000 	C:\WINDOWS\SYSTEM32\ntdll.dll
0x00007ffbb10e0000 - 0x00007ffbb11a4000 	C:\WINDOWS\System32\KERNEL32.DLL
0x00007ffbb0860000 - 0x00007ffbb0c30000 	C:\WINDOWS\System32\KERNELBASE.dll
0x00007ffbb0f40000 - 0x00007ffbb1051000 	C:\WINDOWS\System32\ucrtbase.dll
0x00007ffb47e80000 - 0x00007ffb47e95000 	C:\Program Files\Unity\Hub\Editor\2022.3.32f1\Editor\Data\PlaybackEngines\AndroidPlayer\OpenJDK\bin\VCRUNTIME140.dll
0x00007ffb47e60000 - 0x00007ffb47e77000 	C:\Program Files\Unity\Hub\Editor\2022.3.32f1\Editor\Data\PlaybackEngines\AndroidPlayer\OpenJDK\bin\jli.dll
0x00007ffbb28a0000 - 0x00007ffbb2a4e000 	C:\WINDOWS\System32\USER32.dll
0x00007ffb95d30000 - 0x00007ffb95fc2000 	C:\WINDOWS\WinSxS\amd64_microsoft.windows.common-controls_6595b64144ccf1df_6.0.22621.4830_none_270fe7d773858e80\COMCTL32.dll
0x00007ffbb0790000 - 0x00007ffbb07b6000 	C:\WINDOWS\System32\win32u.dll
0x00007ffbb1640000 - 0x00007ffbb16e7000 	C:\WINDOWS\System32\msvcrt.dll
0x00007ffbb1dc0000 - 0x00007ffbb1de9000 	C:\WINDOWS\System32\GDI32.dll
0x00007ffbb0e20000 - 0x00007ffbb0f3b000 	C:\WINDOWS\System32\gdi32full.dll
0x00007ffbb07c0000 - 0x00007ffbb085a000 	C:\WINDOWS\System32\msvcp_win.dll
0x00007ffbb2230000 - 0x00007ffbb2261000 	C:\WINDOWS\System32\IMM32.DLL
0x00007ffb47dc0000 - 0x00007ffb47e5b000 	C:\Program Files\Unity\Hub\Editor\2022.3.32f1\Editor\Data\PlaybackEngines\AndroidPlayer\OpenJDK\bin\msvcp140.dll
0x00007ffb049b0000 - 0x00007ffb05531000 	C:\Program Files\Unity\Hub\Editor\2022.3.32f1\Editor\Data\PlaybackEngines\AndroidPlayer\OpenJDK\bin\server\jvm.dll
0x00007ffbb1f00000 - 0x00007ffbb1fb1000 	C:\WINDOWS\System32\ADVAPI32.dll
0x00007ffbb2460000 - 0x00007ffbb2507000 	C:\WINDOWS\System32\sechost.dll
0x00007ffbb0760000 - 0x00007ffbb0788000 	C:\WINDOWS\System32\bcrypt.dll
0x00007ffbb1c00000 - 0x00007ffbb1d14000 	C:\WINDOWS\System32\RPCRT4.dll
0x00007ffbb11b0000 - 0x00007ffbb11b8000 	C:\WINDOWS\System32\PSAPI.DLL
0x00007ffb2aaf0000 - 0x00007ffb2aaf9000 	C:\WINDOWS\SYSTEM32\WSOCK32.dll
0x00007ffba8d10000 - 0x00007ffba8d44000 	C:\WINDOWS\SYSTEM32\WINMM.dll
0x00007ffbb1d40000 - 0x00007ffbb1db1000 	C:\WINDOWS\System32\WS2_32.dll
0x00007ffbaaf50000 - 0x00007ffbaaf5a000 	C:\WINDOWS\SYSTEM32\VERSION.dll
0x00007ffbaf7d0000 - 0x00007ffbaf7e8000 	C:\WINDOWS\SYSTEM32\kernel.appcore.dll
0x00007ffb4bdf0000 - 0x00007ffb4be00000 	C:\Program Files\Unity\Hub\Editor\2022.3.32f1\Editor\Data\PlaybackEngines\AndroidPlayer\OpenJDK\bin\verify.dll
0x00007ffbae180000 - 0x00007ffbae3b2000 	C:\WINDOWS\SYSTEM32\DBGHELP.DLL
0x00007ffbb16f0000 - 0x00007ffbb1a80000 	C:\WINDOWS\System32\combase.dll
0x00007ffbb2a50000 - 0x00007ffbb2b27000 	C:\WINDOWS\System32\OLEAUT32.dll
0x00007ffb9e550000 - 0x00007ffb9e582000 	C:\WINDOWS\SYSTEM32\dbgcore.DLL
0x00007ffbb0c30000 - 0x00007ffbb0cab000 	C:\WINDOWS\System32\bcryptPrimitives.dll
0x00007ffb47d90000 - 0x00007ffb47db8000 	C:\Program Files\Unity\Hub\Editor\2022.3.32f1\Editor\Data\PlaybackEngines\AndroidPlayer\OpenJDK\bin\java.dll
0x00007ffb47d80000 - 0x00007ffb47d8a000 	C:\Program Files\Unity\Hub\Editor\2022.3.32f1\Editor\Data\PlaybackEngines\AndroidPlayer\OpenJDK\bin\jimage.dll
0x00007ffb47d60000 - 0x00007ffb47d78000 	C:\Program Files\Unity\Hub\Editor\2022.3.32f1\Editor\Data\PlaybackEngines\AndroidPlayer\OpenJDK\bin\zip.dll

dbghelp: loaded successfully - version: 4.0.5 - missing functions: none
symbol engine: initialized successfully - sym options: 0x614 - pdb path: .;C:\Program Files\Unity\Hub\Editor\2022.3.32f1\Editor\Data\PlaybackEngines\AndroidPlayer\OpenJDK\bin;C:\WINDOWS\SYSTEM32;C:\WINDOWS\WinSxS\amd64_microsoft.windows.common-controls_6595b64144ccf1df_6.0.22621.4830_none_270fe7d773858e80;C:\Program Files\Unity\Hub\Editor\2022.3.32f1\Editor\Data\PlaybackEngines\AndroidPlayer\OpenJDK\bin\server

VM Arguments:
java_command: <unknown>
java_class_path (initial): <not set>
Launcher Type: SUN_STANDARD

[Global flags]
     intx CICompilerCount                          = 4                                         {product} {ergonomic}
     uint ConcGCThreads                            = 3                                         {product} {ergonomic}
     uint G1ConcRefinementThreads                  = 10                                        {product} {ergonomic}
   size_t G1HeapRegionSize                         = 1048576                                   {product} {ergonomic}
    uintx GCDrainStackTargetSize                   = 64                                        {product} {ergonomic}
   size_t InitialHeapSize                          = 264241152                                 {product} {ergonomic}
   size_t MarkStackSize                            = 4194304                                   {product} {ergonomic}
   size_t MaxHeapSize                              = 4223664128                                {product} {ergonomic}
   size_t MinHeapDeltaBytes                        = 1048576                                   {product} {ergonomic}
    uintx NonNMethodCodeHeapSize                   = 5836300                                {pd product} {ergonomic}
    uintx NonProfiledCodeHeapSize                  = 122910970                              {pd product} {ergonomic}
    uintx ProfiledCodeHeapSize                     = 122910970                              {pd product} {ergonomic}
    uintx ReservedCodeCacheSize                    = 251658240                              {pd product} {ergonomic}
     bool SegmentedCodeCache                       = true                                      {product} {ergonomic}
     bool UseCompressedClassPointers               = true                                 {lp64_product} {ergonomic}
     bool UseCompressedOops                        = true                                 {lp64_product} {ergonomic}
     bool UseG1GC                                  = true                                      {product} {ergonomic}
     bool UseLargePagesIndividualAllocation        = false                                  {pd product} {ergonomic}

Logging:
Log output configuration:
 #0: stdout all=warning uptime,level,tags
 #1: stderr all=off uptime,level,tags

Environment Variables:
JAVA_HOME=C:\Program Files\Unity\Hub\Editor\2022.3.32f1\Editor\Data\PlaybackEngines\AndroidPlayer\OpenJDK
PATH=C:\Windows\system32;C:\Windows;C:\Windows\System32\Wbem;C:\Windows\System32\WindowsPowerShell\v1.0\;C:\Windows\System32\OpenSSH\;C:\Program Files (x86)\NVIDIA Corporation\PhysX\Common;C:\Program Files\NVIDIA Corporation\NVIDIA NvDLISR;C:\Program Files\dotnet\;C:\Program Files\Git\cmd;C:\Program Files (x86)\dotnet\C:\ProgramData\ComposerSetup\bin;C:\xampp\php;C:\ProgramData\ComposerSetup\bin;C:\WINDOWS\system32;C:\WINDOWS;C:\WINDOWS\System32\Wbem;C:\WINDOWS\System32\WindowsPowerShell\v1.0\;C:\WINDOWS\System32\OpenSSH\;C:\Program Files\Maven\apache-maven-3.9.9\bin;C:\Program Files\Microsoft SQL Server\150\Tools\Binn\;C:\Program Files\Microsoft SQL Server\Client SDK\ODBC\170\Tools\Binn\;C:\Users\Kien Trinh\AppData\Local\Programs\Python\Python313;C:\Program Files\nodejs\;C:\Users\Kien Trinh\AppData\Local\Programs\Python\Python313\Scripts\;C:\Users\Kien Trinh\AppData\Local\Programs\Python\Python313\;C:\Users\Kien Trinh\AppData\Local\Programs\Python\Launcher\;C:\Users\Kien Trinh\AppData\Local\Microsoft\WindowsApps;C:\Users\Kien Trinh\AppData\Local\Programs\Microsoft VS Code\bin;C:\Users\Kien Trinh\.dotnet\tools;C:\Users\Kien Trinh\AppData\Roaming\Composer\vendor\bin;C:\Users\Kien Trinh\AppData\Roaming\npm
USERNAME=Kien Trinh
OS=Windows_NT
PROCESSOR_IDENTIFIER=Intel64 Family 6 Model 141 Stepping 1, GenuineIntel



---------------  S Y S T E M  ---------------

OS: Windows 11 , 64 bit Build 22621 (10.0.22621.4830)
OS uptime: 0 days 0:03 hours

CPU:total 12 (initial active 12) (6 cores per cpu, 2 threads per core) family 6 model 141 stepping 1 microcode 0x34, cmov, cx8, fxsr, mmx, sse, sse2, sse3, ssse3, sse4.1, sse4.2, popcnt, avx, avx2, aes, clmul, erms, 3dnowpref, lzcnt, ht, tsc, tscinvbit, bmi1, bmi2, adx, evex, sha, fma

Memory: 4k page, system-wide physical 16105M (3233M free)
TotalPageFile size 16105M (AvailPageFile size 78M)
current process WorkingSet (physical memory assigned to process): 11M, peak: 11M
current process commit charge ("private bytes"): 65M, peak: 316M

vm_info: OpenJDK 64-Bit Server VM (11.0.14.1+1) for windows-amd64 JRE (11.0.14.1+1), built on Feb  9 2022 01:48:27 by "" with unknown MS VC++:1916

END.
